<?xml version="1.0" encoding="UTF-8"?>
<testng-results ignored="0" total="115" passed="114" failed="1" skipped="0">
  <reporter-output>
  </reporter-output>
  <suite started-at="2023-04-24T20:51:55 EDT" name="Default suite" finished-at="2023-04-24T20:53:22 EDT" duration-ms="87661">
    <groups>
      <group name="cucumber">
        <method signature="AbstractTestNGCucumberTests.runScenario(io.cucumber.testng.PickleWrapper,io.cucumber.testng.FeatureWrapper)[pri:0, instance:runner.runnercucumber@4c178a76]" name="runScenario" class="io.cucumber.testng.AbstractTestNGCucumberTests"/>
      </group> <!-- cucumber -->
    </groups>
    <test started-at="2023-04-24T20:51:55 EDT" name="Default test" finished-at="2023-04-24T20:53:22 EDT" duration-ms="87661">
      <class name="runner.runnercucumber">
        <test-method is-config="true" signature="setUpClass(org.testng.ITestContext)[pri:0, instance:runner.runnercucumber@4c178a76]" started-at="2023-04-24T20:51:55 EDT" name="setUpClass" finished-at="2023-04-24T20:52:00 EDT" duration-ms="4930" status="PASS">
          <params>
            <param index="0">
              <value>
                <![CDATA[org.testng.TestRunner@12459991]]>
              </value>
            </param>
          </params>
          <reporter-output>
          </reporter-output>
        </test-method> <!-- setUpClass -->
        <test-method signature="runScenario(io.cucumber.testng.PickleWrapper,io.cucumber.testng.FeatureWrapper)[pri:0, instance:runner.runnercucumber@4c178a76]" started-at="2023-04-24T20:52:00 EDT" name="runScenario" description="Runs Cucumber Scenarios" data-provider="scenarios" finished-at="2023-04-24T20:52:01 EDT" duration-ms="1254" status="PASS">
          <params>
            <param index="0">
              <value>
                <![CDATA["launch the home page of dsalgo portal"]]>
              </value>
            </param>
            <param index="1">
              <value>
                <![CDATA["Launch Start page and Test Home Page"]]>
              </value>
            </param>
          </params>
          <reporter-output>
          </reporter-output>
        </test-method> <!-- runScenario -->
        <test-method signature="runScenario(io.cucumber.testng.PickleWrapper,io.cucumber.testng.FeatureWrapper)[pri:0, instance:runner.runnercucumber@4c178a76]" started-at="2023-04-24T20:52:01 EDT" name="runScenario" description="Runs Cucumber Scenarios" data-provider="scenarios" finished-at="2023-04-24T20:52:01 EDT" duration-ms="296" status="PASS">
          <params>
            <param index="0">
              <value>
                <![CDATA["user is on home page"]]>
              </value>
            </param>
            <param index="1">
              <value>
                <![CDATA["Launch Start page and Test Home Page"]]>
              </value>
            </param>
          </params>
          <reporter-output>
          </reporter-output>
        </test-method> <!-- runScenario -->
        <test-method signature="runScenario(io.cucumber.testng.PickleWrapper,io.cucumber.testng.FeatureWrapper)[pri:0, instance:runner.runnercucumber@4c178a76]" started-at="2023-04-24T20:52:01 EDT" name="runScenario" description="Runs Cucumber Scenarios" data-provider="scenarios" finished-at="2023-04-24T20:52:01 EDT" duration-ms="264" status="PASS">
          <params>
            <param index="0">
              <value>
                <![CDATA["user is on home page"]]>
              </value>
            </param>
            <param index="1">
              <value>
                <![CDATA["Launch Start page and Test Home Page"]]>
              </value>
            </param>
          </params>
          <reporter-output>
          </reporter-output>
        </test-method> <!-- runScenario -->
        <test-method signature="runScenario(io.cucumber.testng.PickleWrapper,io.cucumber.testng.FeatureWrapper)[pri:0, instance:runner.runnercucumber@4c178a76]" started-at="2023-04-24T20:52:01 EDT" name="runScenario" description="Runs Cucumber Scenarios" data-provider="scenarios" finished-at="2023-04-24T20:52:02 EDT" duration-ms="349" status="PASS">
          <params>
            <param index="0">
              <value>
                <![CDATA["user is on home page"]]>
              </value>
            </param>
            <param index="1">
              <value>
                <![CDATA["Launch Start page and Test Home Page"]]>
              </value>
            </param>
          </params>
          <reporter-output>
          </reporter-output>
        </test-method> <!-- runScenario -->
        <test-method signature="runScenario(io.cucumber.testng.PickleWrapper,io.cucumber.testng.FeatureWrapper)[pri:0, instance:runner.runnercucumber@4c178a76]" started-at="2023-04-24T20:52:02 EDT" name="runScenario" description="Runs Cucumber Scenarios" data-provider="scenarios" finished-at="2023-04-24T20:52:02 EDT" duration-ms="335" status="PASS">
          <params>
            <param index="0">
              <value>
                <![CDATA["user is on home page"]]>
              </value>
            </param>
            <param index="1">
              <value>
                <![CDATA["Launch Start page and Test Home Page"]]>
              </value>
            </param>
          </params>
          <reporter-output>
          </reporter-output>
        </test-method> <!-- runScenario -->
        <test-method signature="runScenario(io.cucumber.testng.PickleWrapper,io.cucumber.testng.FeatureWrapper)[pri:0, instance:runner.runnercucumber@4c178a76]" started-at="2023-04-24T20:52:02 EDT" name="runScenario" description="Runs Cucumber Scenarios" data-provider="scenarios" finished-at="2023-04-24T20:52:02 EDT" duration-ms="322" status="PASS">
          <params>
            <param index="0">
              <value>
                <![CDATA["user is on home page"]]>
              </value>
            </param>
            <param index="1">
              <value>
                <![CDATA["Launch Start page and Test Home Page"]]>
              </value>
            </param>
          </params>
          <reporter-output>
          </reporter-output>
        </test-method> <!-- runScenario -->
        <test-method signature="runScenario(io.cucumber.testng.PickleWrapper,io.cucumber.testng.FeatureWrapper)[pri:0, instance:runner.runnercucumber@4c178a76]" started-at="2023-04-24T20:52:02 EDT" name="runScenario" description="Runs Cucumber Scenarios" data-provider="scenarios" finished-at="2023-04-24T20:52:03 EDT" duration-ms="449" status="PASS">
          <params>
            <param index="0">
              <value>
                <![CDATA["User is on Home page and click on dropdown without sign in"]]>
              </value>
            </param>
            <param index="1">
              <value>
                <![CDATA["Launch Start page and Test Home Page"]]>
              </value>
            </param>
          </params>
          <reporter-output>
          </reporter-output>
        </test-method> <!-- runScenario -->
        <test-method signature="runScenario(io.cucumber.testng.PickleWrapper,io.cucumber.testng.FeatureWrapper)[pri:0, instance:runner.runnercucumber@4c178a76]" started-at="2023-04-24T20:52:03 EDT" name="runScenario" description="Runs Cucumber Scenarios" data-provider="scenarios" finished-at="2023-04-24T20:52:03 EDT" duration-ms="357" status="PASS">
          <params>
            <param index="0">
              <value>
                <![CDATA["User is on Home page and click on dropdown without sign in"]]>
              </value>
            </param>
            <param index="1">
              <value>
                <![CDATA["Launch Start page and Test Home Page"]]>
              </value>
            </param>
          </params>
          <reporter-output>
          </reporter-output>
        </test-method> <!-- runScenario -->
        <test-method signature="runScenario(io.cucumber.testng.PickleWrapper,io.cucumber.testng.FeatureWrapper)[pri:0, instance:runner.runnercucumber@4c178a76]" started-at="2023-04-24T20:52:03 EDT" name="runScenario" description="Runs Cucumber Scenarios" data-provider="scenarios" finished-at="2023-04-24T20:52:04 EDT" duration-ms="345" status="PASS">
          <params>
            <param index="0">
              <value>
                <![CDATA["User is on Home page and click on dropdown without sign in"]]>
              </value>
            </param>
            <param index="1">
              <value>
                <![CDATA["Launch Start page and Test Home Page"]]>
              </value>
            </param>
          </params>
          <reporter-output>
          </reporter-output>
        </test-method> <!-- runScenario -->
        <test-method signature="runScenario(io.cucumber.testng.PickleWrapper,io.cucumber.testng.FeatureWrapper)[pri:0, instance:runner.runnercucumber@4c178a76]" started-at="2023-04-24T20:52:04 EDT" name="runScenario" description="Runs Cucumber Scenarios" data-provider="scenarios" finished-at="2023-04-24T20:52:04 EDT" duration-ms="350" status="PASS">
          <params>
            <param index="0">
              <value>
                <![CDATA["User is on Home page and click on dropdown without sign in"]]>
              </value>
            </param>
            <param index="1">
              <value>
                <![CDATA["Launch Start page and Test Home Page"]]>
              </value>
            </param>
          </params>
          <reporter-output>
          </reporter-output>
        </test-method> <!-- runScenario -->
        <test-method signature="runScenario(io.cucumber.testng.PickleWrapper,io.cucumber.testng.FeatureWrapper)[pri:0, instance:runner.runnercucumber@4c178a76]" started-at="2023-04-24T20:52:04 EDT" name="runScenario" description="Runs Cucumber Scenarios" data-provider="scenarios" finished-at="2023-04-24T20:52:04 EDT" duration-ms="429" status="PASS">
          <params>
            <param index="0">
              <value>
                <![CDATA["User is on Home page and click on dropdown without sign in"]]>
              </value>
            </param>
            <param index="1">
              <value>
                <![CDATA["Launch Start page and Test Home Page"]]>
              </value>
            </param>
          </params>
          <reporter-output>
          </reporter-output>
        </test-method> <!-- runScenario -->
        <test-method signature="runScenario(io.cucumber.testng.PickleWrapper,io.cucumber.testng.FeatureWrapper)[pri:0, instance:runner.runnercucumber@4c178a76]" started-at="2023-04-24T20:52:04 EDT" name="runScenario" description="Runs Cucumber Scenarios" data-provider="scenarios" finished-at="2023-04-24T20:52:05 EDT" duration-ms="403" status="PASS">
          <params>
            <param index="0">
              <value>
                <![CDATA["User is on Home page and click on dropdown without sign in"]]>
              </value>
            </param>
            <param index="1">
              <value>
                <![CDATA["Launch Start page and Test Home Page"]]>
              </value>
            </param>
          </params>
          <reporter-output>
          </reporter-output>
        </test-method> <!-- runScenario -->
        <test-method signature="runScenario(io.cucumber.testng.PickleWrapper,io.cucumber.testng.FeatureWrapper)[pri:0, instance:runner.runnercucumber@4c178a76]" started-at="2023-04-24T20:52:05 EDT" name="runScenario" description="Runs Cucumber Scenarios" data-provider="scenarios" finished-at="2023-04-24T20:52:05 EDT" duration-ms="184" status="PASS">
          <params>
            <param index="0">
              <value>
                <![CDATA["User is on Home page and click on sign in"]]>
              </value>
            </param>
            <param index="1">
              <value>
                <![CDATA["Launch Start page and Test Home Page"]]>
              </value>
            </param>
          </params>
          <reporter-output>
          </reporter-output>
        </test-method> <!-- runScenario -->
        <test-method signature="runScenario(io.cucumber.testng.PickleWrapper,io.cucumber.testng.FeatureWrapper)[pri:0, instance:runner.runnercucumber@4c178a76]" started-at="2023-04-24T20:52:05 EDT" name="runScenario" description="Runs Cucumber Scenarios" data-provider="scenarios" finished-at="2023-04-24T20:52:05 EDT" duration-ms="155" status="PASS">
          <params>
            <param index="0">
              <value>
                <![CDATA["User is on Home page and click on Register"]]>
              </value>
            </param>
            <param index="1">
              <value>
                <![CDATA["Launch Start page and Test Home Page"]]>
              </value>
            </param>
          </params>
          <reporter-output>
          </reporter-output>
        </test-method> <!-- runScenario -->
        <test-method signature="runScenario(io.cucumber.testng.PickleWrapper,io.cucumber.testng.FeatureWrapper)[pri:0, instance:runner.runnercucumber@4c178a76]" started-at="2023-04-24T20:52:05 EDT" name="runScenario" description="Runs Cucumber Scenarios" data-provider="scenarios" finished-at="2023-04-24T20:52:09 EDT" duration-ms="3492" status="PASS">
          <params>
            <param index="0">
              <value>
                <![CDATA["User can navigate to Overview of trees page"]]>
              </value>
            </param>
            <param index="1">
              <value>
                <![CDATA["Title of your feature"]]>
              </value>
            </param>
          </params>
          <reporter-output>
          </reporter-output>
        </test-method> <!-- runScenario -->
        <test-method signature="runScenario(io.cucumber.testng.PickleWrapper,io.cucumber.testng.FeatureWrapper)[pri:0, instance:runner.runnercucumber@4c178a76]" started-at="2023-04-24T20:52:09 EDT" name="runScenario" description="Runs Cucumber Scenarios" data-provider="scenarios" finished-at="2023-04-24T20:52:09 EDT" duration-ms="305" status="PASS">
          <params>
            <param index="0">
              <value>
                <![CDATA["The user is presented with error message for empty fields below Username textbox"]]>
              </value>
            </param>
            <param index="1">
              <value>
                <![CDATA["Title of your feature"]]>
              </value>
            </param>
          </params>
          <reporter-output>
          </reporter-output>
        </test-method> <!-- runScenario -->
        <test-method signature="runScenario(io.cucumber.testng.PickleWrapper,io.cucumber.testng.FeatureWrapper)[pri:0, instance:runner.runnercucumber@4c178a76]" started-at="2023-04-24T20:52:09 EDT" name="runScenario" description="Runs Cucumber Scenarios" data-provider="scenarios" finished-at="2023-04-24T20:52:09 EDT" duration-ms="279" status="PASS">
          <params>
            <param index="0">
              <value>
                <![CDATA["The user is presented with error message for empty fields below Password textbox"]]>
              </value>
            </param>
            <param index="1">
              <value>
                <![CDATA["Title of your feature"]]>
              </value>
            </param>
          </params>
          <reporter-output>
          </reporter-output>
        </test-method> <!-- runScenario -->
        <test-method signature="runScenario(io.cucumber.testng.PickleWrapper,io.cucumber.testng.FeatureWrapper)[pri:0, instance:runner.runnercucumber@4c178a76]" started-at="2023-04-24T20:52:09 EDT" name="runScenario" description="Runs Cucumber Scenarios" data-provider="scenarios" finished-at="2023-04-24T20:52:10 EDT" duration-ms="379" status="PASS">
          <params>
            <param index="0">
              <value>
                <![CDATA["The user is presented with error message for empty fields belo Password Confirmation textbox"]]>
              </value>
            </param>
            <param index="1">
              <value>
                <![CDATA["Title of your feature"]]>
              </value>
            </param>
          </params>
          <reporter-output>
          </reporter-output>
        </test-method> <!-- runScenario -->
        <test-method signature="runScenario(io.cucumber.testng.PickleWrapper,io.cucumber.testng.FeatureWrapper)[pri:0, instance:runner.runnercucumber@4c178a76]" started-at="2023-04-24T20:52:10 EDT" name="runScenario" description="Runs Cucumber Scenarios" data-provider="scenarios" finished-at="2023-04-24T20:52:12 EDT" duration-ms="2564" status="PASS">
          <params>
            <param index="0">
              <value>
                <![CDATA["to register with all the data"]]>
              </value>
            </param>
            <param index="1">
              <value>
                <![CDATA["Title of your feature"]]>
              </value>
            </param>
          </params>
          <reporter-output>
          </reporter-output>
        </test-method> <!-- runScenario -->
        <test-method signature="runScenario(io.cucumber.testng.PickleWrapper,io.cucumber.testng.FeatureWrapper)[pri:0, instance:runner.runnercucumber@4c178a76]" started-at="2023-04-24T20:52:12 EDT" name="runScenario" description="Runs Cucumber Scenarios" data-provider="scenarios" finished-at="2023-04-24T20:52:13 EDT" duration-ms="1206" status="PASS">
          <params>
            <param index="0">
              <value>
                <![CDATA["to register with all the data"]]>
              </value>
            </param>
            <param index="1">
              <value>
                <![CDATA["Title of your feature"]]>
              </value>
            </param>
          </params>
          <reporter-output>
          </reporter-output>
        </test-method> <!-- runScenario -->
        <test-method signature="runScenario(io.cucumber.testng.PickleWrapper,io.cucumber.testng.FeatureWrapper)[pri:0, instance:runner.runnercucumber@4c178a76]" started-at="2023-04-24T20:52:13 EDT" name="runScenario" description="Runs Cucumber Scenarios" data-provider="scenarios" finished-at="2023-04-24T20:52:15 EDT" duration-ms="1231" status="PASS">
          <params>
            <param index="0">
              <value>
                <![CDATA["to register with all the data"]]>
              </value>
            </param>
            <param index="1">
              <value>
                <![CDATA["Title of your feature"]]>
              </value>
            </param>
          </params>
          <reporter-output>
          </reporter-output>
        </test-method> <!-- runScenario -->
        <test-method signature="runScenario(io.cucumber.testng.PickleWrapper,io.cucumber.testng.FeatureWrapper)[pri:0, instance:runner.runnercucumber@4c178a76]" started-at="2023-04-24T20:52:15 EDT" name="runScenario" description="Runs Cucumber Scenarios" data-provider="scenarios" finished-at="2023-04-24T20:52:16 EDT" duration-ms="1101" status="PASS">
          <params>
            <param index="0">
              <value>
                <![CDATA["to register with all the data"]]>
              </value>
            </param>
            <param index="1">
              <value>
                <![CDATA["Title of your feature"]]>
              </value>
            </param>
          </params>
          <reporter-output>
          </reporter-output>
        </test-method> <!-- runScenario -->
        <test-method signature="runScenario(io.cucumber.testng.PickleWrapper,io.cucumber.testng.FeatureWrapper)[pri:0, instance:runner.runnercucumber@4c178a76]" started-at="2023-04-24T20:52:16 EDT" name="runScenario" description="Runs Cucumber Scenarios" data-provider="scenarios" finished-at="2023-04-24T20:52:16 EDT" duration-ms="186" status="PASS">
          <params>
            <param index="0">
              <value>
                <![CDATA["Verifying signin link"]]>
              </value>
            </param>
            <param index="1">
              <value>
                <![CDATA["Title of your feature"]]>
              </value>
            </param>
          </params>
          <reporter-output>
          </reporter-output>
        </test-method> <!-- runScenario -->
        <test-method signature="runScenario(io.cucumber.testng.PickleWrapper,io.cucumber.testng.FeatureWrapper)[pri:0, instance:runner.runnercucumber@4c178a76]" started-at="2023-04-24T20:52:16 EDT" name="runScenario" description="Runs Cucumber Scenarios" data-provider="scenarios" finished-at="2023-04-24T20:52:19 EDT" duration-ms="2905" status="PASS">
          <params>
            <param index="0">
              <value>
                <![CDATA["User can navigate to Terminologies page"]]>
              </value>
            </param>
            <param index="1">
              <value>
                <![CDATA["Title of your feature"]]>
              </value>
            </param>
          </params>
          <reporter-output>
          </reporter-output>
        </test-method> <!-- runScenario -->
        <test-method signature="runScenario(io.cucumber.testng.PickleWrapper,io.cucumber.testng.FeatureWrapper)[pri:0, instance:runner.runnercucumber@4c178a76]" started-at="2023-04-24T20:52:19 EDT" name="runScenario" description="Runs Cucumber Scenarios" data-provider="scenarios" finished-at="2023-04-24T20:52:19 EDT" duration-ms="370" status="PASS">
          <params>
            <param index="0">
              <value>
                <![CDATA["Redirect to Register page"]]>
              </value>
            </param>
            <param index="1">
              <value>
                <![CDATA["performing signin"]]>
              </value>
            </param>
          </params>
          <reporter-output>
          </reporter-output>
        </test-method> <!-- runScenario -->
        <test-method signature="runScenario(io.cucumber.testng.PickleWrapper,io.cucumber.testng.FeatureWrapper)[pri:0, instance:runner.runnercucumber@4c178a76]" started-at="2023-04-24T20:52:19 EDT" name="runScenario" description="Runs Cucumber Scenarios" data-provider="scenarios" finished-at="2023-04-24T20:52:19 EDT" duration-ms="207" status="PASS">
          <params>
            <param index="0">
              <value>
                <![CDATA["Redirect to login  page"]]>
              </value>
            </param>
            <param index="1">
              <value>
                <![CDATA["performing signin"]]>
              </value>
            </param>
          </params>
          <reporter-output>
          </reporter-output>
        </test-method> <!-- runScenario -->
        <test-method signature="runScenario(io.cucumber.testng.PickleWrapper,io.cucumber.testng.FeatureWrapper)[pri:0, instance:runner.runnercucumber@4c178a76]" started-at="2023-04-24T20:52:19 EDT" name="runScenario" description="Runs Cucumber Scenarios" data-provider="scenarios" finished-at="2023-04-24T20:52:20 EDT" duration-ms="647" status="PASS">
          <params>
            <param index="0">
              <value>
                <![CDATA["User on login page and login with invalid inputs"]]>
              </value>
            </param>
            <param index="1">
              <value>
                <![CDATA["performing signin"]]>
              </value>
            </param>
          </params>
          <reporter-output>
          </reporter-output>
        </test-method> <!-- runScenario -->
        <test-method signature="runScenario(io.cucumber.testng.PickleWrapper,io.cucumber.testng.FeatureWrapper)[pri:0, instance:runner.runnercucumber@4c178a76]" started-at="2023-04-24T20:52:20 EDT" name="runScenario" description="Runs Cucumber Scenarios" data-provider="scenarios" finished-at="2023-04-24T20:52:21 EDT" duration-ms="523" status="PASS">
          <params>
            <param index="0">
              <value>
                <![CDATA["User on login page and login with invalid inputs"]]>
              </value>
            </param>
            <param index="1">
              <value>
                <![CDATA["performing signin"]]>
              </value>
            </param>
          </params>
          <reporter-output>
          </reporter-output>
        </test-method> <!-- runScenario -->
        <test-method signature="runScenario(io.cucumber.testng.PickleWrapper,io.cucumber.testng.FeatureWrapper)[pri:0, instance:runner.runnercucumber@4c178a76]" started-at="2023-04-24T20:52:21 EDT" name="runScenario" description="Runs Cucumber Scenarios" data-provider="scenarios" finished-at="2023-04-24T20:52:21 EDT" duration-ms="447" status="PASS">
          <params>
            <param index="0">
              <value>
                <![CDATA["User on login page and login with invalid inputs"]]>
              </value>
            </param>
            <param index="1">
              <value>
                <![CDATA["performing signin"]]>
              </value>
            </param>
          </params>
          <reporter-output>
          </reporter-output>
        </test-method> <!-- runScenario -->
        <test-method signature="runScenario(io.cucumber.testng.PickleWrapper,io.cucumber.testng.FeatureWrapper)[pri:0, instance:runner.runnercucumber@4c178a76]" started-at="2023-04-24T20:52:21 EDT" name="runScenario" description="Runs Cucumber Scenarios" data-provider="scenarios" finished-at="2023-04-24T20:52:22 EDT" duration-ms="930" status="PASS">
          <params>
            <param index="0">
              <value>
                <![CDATA[""User on login page and login with invalid and valid inputs from Excel""]]>
              </value>
            </param>
            <param index="1">
              <value>
                <![CDATA["performing signin"]]>
              </value>
            </param>
          </params>
          <reporter-output>
          </reporter-output>
        </test-method> <!-- runScenario -->
        <test-method signature="runScenario(io.cucumber.testng.PickleWrapper,io.cucumber.testng.FeatureWrapper)[pri:0, instance:runner.runnercucumber@4c178a76]" started-at="2023-04-24T20:52:22 EDT" name="runScenario" description="Runs Cucumber Scenarios" data-provider="scenarios" finished-at="2023-04-24T20:52:23 EDT" duration-ms="810" status="PASS">
          <params>
            <param index="0">
              <value>
                <![CDATA[""User on login page and login with invalid and valid inputs from Excel""]]>
              </value>
            </param>
            <param index="1">
              <value>
                <![CDATA["performing signin"]]>
              </value>
            </param>
          </params>
          <reporter-output>
          </reporter-output>
        </test-method> <!-- runScenario -->
        <test-method signature="runScenario(io.cucumber.testng.PickleWrapper,io.cucumber.testng.FeatureWrapper)[pri:0, instance:runner.runnercucumber@4c178a76]" started-at="2023-04-24T20:52:23 EDT" name="runScenario" description="Runs Cucumber Scenarios" data-provider="scenarios" finished-at="2023-04-24T20:52:24 EDT" duration-ms="1029" status="PASS">
          <params>
            <param index="0">
              <value>
                <![CDATA[""User on login page and login with invalid and valid inputs from Excel""]]>
              </value>
            </param>
            <param index="1">
              <value>
                <![CDATA["performing signin"]]>
              </value>
            </param>
          </params>
          <reporter-output>
          </reporter-output>
        </test-method> <!-- runScenario -->
        <test-method signature="runScenario(io.cucumber.testng.PickleWrapper,io.cucumber.testng.FeatureWrapper)[pri:0, instance:runner.runnercucumber@4c178a76]" started-at="2023-04-24T20:52:24 EDT" name="runScenario" description="Runs Cucumber Scenarios" data-provider="scenarios" finished-at="2023-04-24T20:52:25 EDT" duration-ms="1145" status="PASS">
          <params>
            <param index="0">
              <value>
                <![CDATA[""User on login page and login with invalid and valid inputs from Excel""]]>
              </value>
            </param>
            <param index="1">
              <value>
                <![CDATA["performing signin"]]>
              </value>
            </param>
          </params>
          <reporter-output>
          </reporter-output>
        </test-method> <!-- runScenario -->
        <test-method signature="runScenario(io.cucumber.testng.PickleWrapper,io.cucumber.testng.FeatureWrapper)[pri:0, instance:runner.runnercucumber@4c178a76]" started-at="2023-04-24T20:52:25 EDT" name="runScenario" description="Runs Cucumber Scenarios" data-provider="scenarios" finished-at="2023-04-24T20:52:25 EDT" duration-ms="221" status="PASS">
          <params>
            <param index="0">
              <value>
                <![CDATA["Verifying signout link"]]>
              </value>
            </param>
            <param index="1">
              <value>
                <![CDATA["performing signin"]]>
              </value>
            </param>
          </params>
          <reporter-output>
          </reporter-output>
        </test-method> <!-- runScenario -->
        <test-method signature="runScenario(io.cucumber.testng.PickleWrapper,io.cucumber.testng.FeatureWrapper)[pri:0, instance:runner.runnercucumber@4c178a76]" started-at="2023-04-24T20:52:25 EDT" name="runScenario" description="Runs Cucumber Scenarios" data-provider="scenarios" finished-at="2023-04-24T20:52:28 EDT" duration-ms="2802" status="PASS">
          <params>
            <param index="0">
              <value>
                <![CDATA["User can navigate to Types of trees page"]]>
              </value>
            </param>
            <param index="1">
              <value>
                <![CDATA["Title of your feature"]]>
              </value>
            </param>
          </params>
          <reporter-output>
          </reporter-output>
        </test-method> <!-- runScenario -->
        <test-method signature="runScenario(io.cucumber.testng.PickleWrapper,io.cucumber.testng.FeatureWrapper)[pri:0, instance:runner.runnercucumber@4c178a76]" started-at="2023-04-24T20:52:28 EDT" name="runScenario" description="Runs Cucumber Scenarios" data-provider="scenarios" finished-at="2023-04-24T20:52:29 EDT" duration-ms="1144" status="PASS">
          <params>
            <param index="0">
              <value>
                <![CDATA["The user is logged in to DS Algo portal"]]>
              </value>
            </param>
            <param index="1">
              <value>
                <![CDATA["performing Data Structures-Introduction"]]>
              </value>
            </param>
          </params>
          <reporter-output>
          </reporter-output>
        </test-method> <!-- runScenario -->
        <test-method signature="runScenario(io.cucumber.testng.PickleWrapper,io.cucumber.testng.FeatureWrapper)[pri:0, instance:runner.runnercucumber@4c178a76]" started-at="2023-04-24T20:52:29 EDT" name="runScenario" description="Runs Cucumber Scenarios" data-provider="scenarios" finished-at="2023-04-24T20:52:29 EDT" duration-ms="169" status="PASS">
          <params>
            <param index="0">
              <value>
                <![CDATA["The user is able to navigate to Data Structure introduction page"]]>
              </value>
            </param>
            <param index="1">
              <value>
                <![CDATA["performing Data Structures-Introduction"]]>
              </value>
            </param>
          </params>
          <reporter-output>
          </reporter-output>
        </test-method> <!-- runScenario -->
        <test-method signature="runScenario(io.cucumber.testng.PickleWrapper,io.cucumber.testng.FeatureWrapper)[pri:0, instance:runner.runnercucumber@4c178a76]" started-at="2023-04-24T20:52:29 EDT" name="runScenario" description="Runs Cucumber Scenarios" data-provider="scenarios" finished-at="2023-04-24T20:52:30 EDT" duration-ms="336" status="PASS">
          <params>
            <param index="0">
              <value>
                <![CDATA["The user is able to navigate to Time Complexity page"]]>
              </value>
            </param>
            <param index="1">
              <value>
                <![CDATA["performing Data Structures-Introduction"]]>
              </value>
            </param>
          </params>
          <reporter-output>
          </reporter-output>
        </test-method> <!-- runScenario -->
        <test-method signature="runScenario(io.cucumber.testng.PickleWrapper,io.cucumber.testng.FeatureWrapper)[pri:0, instance:runner.runnercucumber@4c178a76]" started-at="2023-04-24T20:52:30 EDT" name="runScenario" description="Runs Cucumber Scenarios" data-provider="scenarios" finished-at="2023-04-24T20:52:30 EDT" duration-ms="341" status="PASS">
          <params>
            <param index="0">
              <value>
                <![CDATA["The user is able to navigate to a page having an tryEditor from Time Complexity page"]]>
              </value>
            </param>
            <param index="1">
              <value>
                <![CDATA["performing Data Structures-Introduction"]]>
              </value>
            </param>
          </params>
          <reporter-output>
          </reporter-output>
        </test-method> <!-- runScenario -->
        <test-method signature="runScenario(io.cucumber.testng.PickleWrapper,io.cucumber.testng.FeatureWrapper)[pri:0, instance:runner.runnercucumber@4c178a76]" started-at="2023-04-24T20:52:30 EDT" name="runScenario" description="Runs Cucumber Scenarios" data-provider="scenarios" finished-at="2023-04-24T20:52:31 EDT" duration-ms="616" status="PASS">
          <params>
            <param index="0">
              <value>
                <![CDATA["The user is able to run code in tryEditor for Time Complexity page"]]>
              </value>
            </param>
            <param index="1">
              <value>
                <![CDATA["performing Data Structures-Introduction"]]>
              </value>
            </param>
          </params>
          <reporter-output>
          </reporter-output>
        </test-method> <!-- runScenario -->
        <test-method signature="runScenario(io.cucumber.testng.PickleWrapper,io.cucumber.testng.FeatureWrapper)[pri:0, instance:runner.runnercucumber@4c178a76]" started-at="2023-04-24T20:52:31 EDT" name="runScenario" description="Runs Cucumber Scenarios" data-provider="scenarios" finished-at="2023-04-24T20:52:31 EDT" duration-ms="370" status="PASS">
          <params>
            <param index="0">
              <value>
                <![CDATA["The user is presented with error message for code with invalid syntax in tryEditor for Time Complexity page"]]>
              </value>
            </param>
            <param index="1">
              <value>
                <![CDATA["performing Data Structures-Introduction"]]>
              </value>
            </param>
          </params>
          <reporter-output>
          </reporter-output>
        </test-method> <!-- runScenario -->
        <test-method signature="runScenario(io.cucumber.testng.PickleWrapper,io.cucumber.testng.FeatureWrapper)[pri:0, instance:runner.runnercucumber@4c178a76]" started-at="2023-04-24T20:52:31 EDT" name="runScenario" description="Runs Cucumber Scenarios" data-provider="scenarios" finished-at="2023-04-24T20:52:31 EDT" duration-ms="326" status="PASS">
          <params>
            <param index="0">
              <value>
                <![CDATA["user is on homepage"]]>
              </value>
            </param>
            <param index="1">
              <value>
                <![CDATA["performing Stack"]]>
              </value>
            </param>
          </params>
          <reporter-output>
          </reporter-output>
        </test-method> <!-- runScenario -->
        <test-method signature="runScenario(io.cucumber.testng.PickleWrapper,io.cucumber.testng.FeatureWrapper)[pri:0, instance:runner.runnercucumber@4c178a76]" started-at="2023-04-24T20:52:31 EDT" name="runScenario" description="Runs Cucumber Scenarios" data-provider="scenarios" finished-at="2023-04-24T20:52:32 EDT" duration-ms="308" status="PASS">
          <params>
            <param index="0">
              <value>
                <![CDATA["The user is able to navigate to "Operations in Stack" page"]]>
              </value>
            </param>
            <param index="1">
              <value>
                <![CDATA["performing Stack"]]>
              </value>
            </param>
          </params>
          <reporter-output>
          </reporter-output>
        </test-method> <!-- runScenario -->
        <test-method signature="runScenario(io.cucumber.testng.PickleWrapper,io.cucumber.testng.FeatureWrapper)[pri:0, instance:runner.runnercucumber@4c178a76]" started-at="2023-04-24T20:52:32 EDT" name="runScenario" description="Runs Cucumber Scenarios" data-provider="scenarios" finished-at="2023-04-24T20:52:32 EDT" duration-ms="228" status="PASS">
          <params>
            <param index="0">
              <value>
                <![CDATA["The user is able to navigate to a page having an tryEditor"]]>
              </value>
            </param>
            <param index="1">
              <value>
                <![CDATA["performing Stack"]]>
              </value>
            </param>
          </params>
          <reporter-output>
          </reporter-output>
        </test-method> <!-- runScenario -->
        <test-method signature="runScenario(io.cucumber.testng.PickleWrapper,io.cucumber.testng.FeatureWrapper)[pri:0, instance:runner.runnercucumber@4c178a76]" started-at="2023-04-24T20:52:32 EDT" name="runScenario" description="Runs Cucumber Scenarios" data-provider="scenarios" finished-at="2023-04-24T20:52:32 EDT" duration-ms="182" status="PASS">
          <params>
            <param index="0">
              <value>
                <![CDATA["The user is able to run code in tryEditor"]]>
              </value>
            </param>
            <param index="1">
              <value>
                <![CDATA["performing Stack"]]>
              </value>
            </param>
          </params>
          <reporter-output>
          </reporter-output>
        </test-method> <!-- runScenario -->
        <test-method signature="runScenario(io.cucumber.testng.PickleWrapper,io.cucumber.testng.FeatureWrapper)[pri:0, instance:runner.runnercucumber@4c178a76]" started-at="2023-04-24T20:52:32 EDT" name="runScenario" description="Runs Cucumber Scenarios" data-provider="scenarios" finished-at="2023-04-24T20:52:32 EDT" duration-ms="315" status="PASS">
          <params>
            <param index="0">
              <value>
                <![CDATA["The user is able to run code in tryEditor"]]>
              </value>
            </param>
            <param index="1">
              <value>
                <![CDATA["performing Stack"]]>
              </value>
            </param>
          </params>
          <reporter-output>
          </reporter-output>
        </test-method> <!-- runScenario -->
        <test-method signature="runScenario(io.cucumber.testng.PickleWrapper,io.cucumber.testng.FeatureWrapper)[pri:0, instance:runner.runnercucumber@4c178a76]" started-at="2023-04-24T20:52:32 EDT" name="runScenario" description="Runs Cucumber Scenarios" data-provider="scenarios" finished-at="2023-04-24T20:52:33 EDT" duration-ms="460" status="PASS">
          <params>
            <param index="0">
              <value>
                <![CDATA["The user is able to navigate to "Practice Questions" in stack Page"]]>
              </value>
            </param>
            <param index="1">
              <value>
                <![CDATA["performing Stack"]]>
              </value>
            </param>
          </params>
          <reporter-output>
          </reporter-output>
        </test-method> <!-- runScenario -->
        <test-method signature="runScenario(io.cucumber.testng.PickleWrapper,io.cucumber.testng.FeatureWrapper)[pri:0, instance:runner.runnercucumber@4c178a76]" started-at="2023-04-24T20:52:33 EDT" name="runScenario" description="Runs Cucumber Scenarios" data-provider="scenarios" finished-at="2023-04-24T20:52:34 EDT" duration-ms="1016" status="PASS">
          <params>
            <param index="0">
              <value>
                <![CDATA["The user is logged into DS Algo portal"]]>
              </value>
            </param>
            <param index="1">
              <value>
                <![CDATA["Linked List page validation dsalgo"]]>
              </value>
            </param>
          </params>
          <reporter-output>
          </reporter-output>
        </test-method> <!-- runScenario -->
        <test-method signature="runScenario(io.cucumber.testng.PickleWrapper,io.cucumber.testng.FeatureWrapper)[pri:0, instance:runner.runnercucumber@4c178a76]" started-at="2023-04-24T20:52:34 EDT" name="runScenario" description="Runs Cucumber Scenarios" data-provider="scenarios" finished-at="2023-04-24T20:52:34 EDT" duration-ms="335" status="PASS">
          <params>
            <param index="0">
              <value>
                <![CDATA["User should be able to navigate to LinkedList Data Structure Page"]]>
              </value>
            </param>
            <param index="1">
              <value>
                <![CDATA["Linked List page validation dsalgo"]]>
              </value>
            </param>
          </params>
          <reporter-output>
          </reporter-output>
        </test-method> <!-- runScenario -->
        <test-method signature="runScenario(io.cucumber.testng.PickleWrapper,io.cucumber.testng.FeatureWrapper)[pri:0, instance:runner.runnercucumber@4c178a76]" started-at="2023-04-24T20:52:34 EDT" name="runScenario" description="Runs Cucumber Scenarios" data-provider="scenarios" finished-at="2023-04-24T20:52:34 EDT" duration-ms="318" status="PASS">
          <params>
            <param index="0">
              <value>
                <![CDATA["User navigated to Introduction page"]]>
              </value>
            </param>
            <param index="1">
              <value>
                <![CDATA["Linked List page validation dsalgo"]]>
              </value>
            </param>
          </params>
          <reporter-output>
          </reporter-output>
        </test-method> <!-- runScenario -->
        <test-method signature="runScenario(io.cucumber.testng.PickleWrapper,io.cucumber.testng.FeatureWrapper)[pri:0, instance:runner.runnercucumber@4c178a76]" started-at="2023-04-24T20:52:34 EDT" name="runScenario" description="Runs Cucumber Scenarios" data-provider="scenarios" finished-at="2023-04-24T20:52:35 EDT" duration-ms="326" status="PASS">
          <params>
            <param index="0">
              <value>
                <![CDATA["User navigated to tryEditor page from Introduction page"]]>
              </value>
            </param>
            <param index="1">
              <value>
                <![CDATA["Linked List page validation dsalgo"]]>
              </value>
            </param>
          </params>
          <reporter-output>
          </reporter-output>
        </test-method> <!-- runScenario -->
        <test-method signature="runScenario(io.cucumber.testng.PickleWrapper,io.cucumber.testng.FeatureWrapper)[pri:0, instance:runner.runnercucumber@4c178a76]" started-at="2023-04-24T20:52:35 EDT" name="runScenario" description="Runs Cucumber Scenarios" data-provider="scenarios" finished-at="2023-04-24T20:52:35 EDT" duration-ms="214" status="PASS">
          <params>
            <param index="0">
              <value>
                <![CDATA["User enters valid Python code and Presented with  Result"]]>
              </value>
            </param>
            <param index="1">
              <value>
                <![CDATA["Linked List page validation dsalgo"]]>
              </value>
            </param>
          </params>
          <reporter-output>
          </reporter-output>
        </test-method> <!-- runScenario -->
        <test-method signature="runScenario(io.cucumber.testng.PickleWrapper,io.cucumber.testng.FeatureWrapper)[pri:0, instance:runner.runnercucumber@4c178a76]" started-at="2023-04-24T20:52:35 EDT" name="runScenario" description="Runs Cucumber Scenarios" data-provider="scenarios" finished-at="2023-04-24T20:52:35 EDT" duration-ms="406" status="PASS">
          <params>
            <param index="0">
              <value>
                <![CDATA["User navigated to creating linked list  page"]]>
              </value>
            </param>
            <param index="1">
              <value>
                <![CDATA["Linked List page validation dsalgo"]]>
              </value>
            </param>
          </params>
          <reporter-output>
          </reporter-output>
        </test-method> <!-- runScenario -->
        <test-method signature="runScenario(io.cucumber.testng.PickleWrapper,io.cucumber.testng.FeatureWrapper)[pri:0, instance:runner.runnercucumber@4c178a76]" started-at="2023-04-24T20:52:35 EDT" name="runScenario" description="Runs Cucumber Scenarios" data-provider="scenarios" finished-at="2023-04-24T20:52:36 EDT" duration-ms="232" status="PASS">
          <params>
            <param index="0">
              <value>
                <![CDATA["User navigated to tryEditor page  from Creating a Linked List page"]]>
              </value>
            </param>
            <param index="1">
              <value>
                <![CDATA["Linked List page validation dsalgo"]]>
              </value>
            </param>
          </params>
          <reporter-output>
          </reporter-output>
        </test-method> <!-- runScenario -->
        <test-method signature="runScenario(io.cucumber.testng.PickleWrapper,io.cucumber.testng.FeatureWrapper)[pri:0, instance:runner.runnercucumber@4c178a76]" started-at="2023-04-24T20:52:36 EDT" name="runScenario" description="Runs Cucumber Scenarios" data-provider="scenarios" finished-at="2023-04-24T20:52:37 EDT" duration-ms="1316" status="PASS">
          <params>
            <param index="0">
              <value>
                <![CDATA["User gets error message by passing  invalid pyhton code for Creating a Linked List page"]]>
              </value>
            </param>
            <param index="1">
              <value>
                <![CDATA["Linked List page validation dsalgo"]]>
              </value>
            </param>
          </params>
          <reporter-output>
          </reporter-output>
        </test-method> <!-- runScenario -->
        <test-method signature="runScenario(io.cucumber.testng.PickleWrapper,io.cucumber.testng.FeatureWrapper)[pri:0, instance:runner.runnercucumber@4c178a76]" started-at="2023-04-24T20:52:37 EDT" name="runScenario" description="Runs Cucumber Scenarios" data-provider="scenarios" finished-at="2023-04-24T20:52:37 EDT" duration-ms="482" status="PASS">
          <params>
            <param index="0">
              <value>
                <![CDATA["User navigated to Types of linked list page"]]>
              </value>
            </param>
            <param index="1">
              <value>
                <![CDATA["Linked List page validation dsalgo"]]>
              </value>
            </param>
          </params>
          <reporter-output>
          </reporter-output>
        </test-method> <!-- runScenario -->
        <test-method signature="runScenario(io.cucumber.testng.PickleWrapper,io.cucumber.testng.FeatureWrapper)[pri:0, instance:runner.runnercucumber@4c178a76]" started-at="2023-04-24T20:52:37 EDT" name="runScenario" description="Runs Cucumber Scenarios" data-provider="scenarios" finished-at="2023-04-24T20:52:38 EDT" duration-ms="221" status="PASS">
          <params>
            <param index="0">
              <value>
                <![CDATA["User navigated to tryEditor page with Run button from Types of Linked List page"]]>
              </value>
            </param>
            <param index="1">
              <value>
                <![CDATA["Linked List page validation dsalgo"]]>
              </value>
            </param>
          </params>
          <reporter-output>
          </reporter-output>
        </test-method> <!-- runScenario -->
        <test-method signature="runScenario(io.cucumber.testng.PickleWrapper,io.cucumber.testng.FeatureWrapper)[pri:0, instance:runner.runnercucumber@4c178a76]" started-at="2023-04-24T20:52:38 EDT" name="runScenario" description="Runs Cucumber Scenarios" data-provider="scenarios" finished-at="2023-04-24T20:52:38 EDT" duration-ms="382" status="PASS">
          <params>
            <param index="0">
              <value>
                <![CDATA["User run the code in tryEditor with valid input for Types of Linked List page"]]>
              </value>
            </param>
            <param index="1">
              <value>
                <![CDATA["Linked List page validation dsalgo"]]>
              </value>
            </param>
          </params>
          <reporter-output>
          </reporter-output>
        </test-method> <!-- runScenario -->
        <test-method signature="runScenario(io.cucumber.testng.PickleWrapper,io.cucumber.testng.FeatureWrapper)[pri:0, instance:runner.runnercucumber@4c178a76]" started-at="2023-04-24T20:52:38 EDT" name="runScenario" description="Runs Cucumber Scenarios" data-provider="scenarios" finished-at="2023-04-24T20:52:39 EDT" duration-ms="517" status="PASS">
          <params>
            <param index="0">
              <value>
                <![CDATA["User navigated to Implementation linked list in python page"]]>
              </value>
            </param>
            <param index="1">
              <value>
                <![CDATA["Linked List page validation dsalgo"]]>
              </value>
            </param>
          </params>
          <reporter-output>
          </reporter-output>
        </test-method> <!-- runScenario -->
        <test-method signature="runScenario(io.cucumber.testng.PickleWrapper,io.cucumber.testng.FeatureWrapper)[pri:0, instance:runner.runnercucumber@4c178a76]" started-at="2023-04-24T20:52:39 EDT" name="runScenario" description="Runs Cucumber Scenarios" data-provider="scenarios" finished-at="2023-04-24T20:52:39 EDT" duration-ms="253" status="PASS">
          <params>
            <param index="0">
              <value>
                <![CDATA["User navigated to tryEditor page with Run button from Implement Linked List in Python page"]]>
              </value>
            </param>
            <param index="1">
              <value>
                <![CDATA["Linked List page validation dsalgo"]]>
              </value>
            </param>
          </params>
          <reporter-output>
          </reporter-output>
        </test-method> <!-- runScenario -->
        <test-method signature="runScenario(io.cucumber.testng.PickleWrapper,io.cucumber.testng.FeatureWrapper)[pri:0, instance:runner.runnercucumber@4c178a76]" started-at="2023-04-24T20:52:39 EDT" name="runScenario" description="Runs Cucumber Scenarios" data-provider="scenarios" finished-at="2023-04-24T20:52:39 EDT" duration-ms="349" status="PASS">
          <params>
            <param index="0">
              <value>
                <![CDATA["User enters valid Python code and Presented with  Result"]]>
              </value>
            </param>
            <param index="1">
              <value>
                <![CDATA["Linked List page validation dsalgo"]]>
              </value>
            </param>
          </params>
          <reporter-output>
          </reporter-output>
        </test-method> <!-- runScenario -->
        <test-method signature="runScenario(io.cucumber.testng.PickleWrapper,io.cucumber.testng.FeatureWrapper)[pri:0, instance:runner.runnercucumber@4c178a76]" started-at="2023-04-24T20:52:39 EDT" name="runScenario" description="Runs Cucumber Scenarios" data-provider="scenarios" finished-at="2023-04-24T20:52:40 EDT" duration-ms="577" status="PASS">
          <params>
            <param index="0">
              <value>
                <![CDATA["User navigated to Traversal Page"]]>
              </value>
            </param>
            <param index="1">
              <value>
                <![CDATA["Linked List page validation dsalgo"]]>
              </value>
            </param>
          </params>
          <reporter-output>
          </reporter-output>
        </test-method> <!-- runScenario -->
        <test-method signature="runScenario(io.cucumber.testng.PickleWrapper,io.cucumber.testng.FeatureWrapper)[pri:0, instance:runner.runnercucumber@4c178a76]" started-at="2023-04-24T20:52:40 EDT" name="runScenario" description="Runs Cucumber Scenarios" data-provider="scenarios" finished-at="2023-04-24T20:52:40 EDT" duration-ms="271" status="PASS">
          <params>
            <param index="0">
              <value>
                <![CDATA["User navigated to tryEditor page with Run button from Traversal page"]]>
              </value>
            </param>
            <param index="1">
              <value>
                <![CDATA["Linked List page validation dsalgo"]]>
              </value>
            </param>
          </params>
          <reporter-output>
          </reporter-output>
        </test-method> <!-- runScenario -->
        <test-method signature="runScenario(io.cucumber.testng.PickleWrapper,io.cucumber.testng.FeatureWrapper)[pri:0, instance:runner.runnercucumber@4c178a76]" started-at="2023-04-24T20:52:40 EDT" name="runScenario" description="Runs Cucumber Scenarios" data-provider="scenarios" finished-at="2023-04-24T20:52:40 EDT" duration-ms="268" status="PASS">
          <params>
            <param index="0">
              <value>
                <![CDATA["User run the code in tryEditor with valid input for Traversal page"]]>
              </value>
            </param>
            <param index="1">
              <value>
                <![CDATA["Linked List page validation dsalgo"]]>
              </value>
            </param>
          </params>
          <reporter-output>
          </reporter-output>
        </test-method> <!-- runScenario -->
        <test-method signature="runScenario(io.cucumber.testng.PickleWrapper,io.cucumber.testng.FeatureWrapper)[pri:0, instance:runner.runnercucumber@4c178a76]" started-at="2023-04-24T20:52:40 EDT" name="runScenario" description="Runs Cucumber Scenarios" data-provider="scenarios" finished-at="2023-04-24T20:52:41 EDT" duration-ms="511" status="PASS">
          <params>
            <param index="0">
              <value>
                <![CDATA["User navigated to Insertion page"]]>
              </value>
            </param>
            <param index="1">
              <value>
                <![CDATA["Linked List page validation dsalgo"]]>
              </value>
            </param>
          </params>
          <reporter-output>
          </reporter-output>
        </test-method> <!-- runScenario -->
        <test-method signature="runScenario(io.cucumber.testng.PickleWrapper,io.cucumber.testng.FeatureWrapper)[pri:0, instance:runner.runnercucumber@4c178a76]" started-at="2023-04-24T20:52:41 EDT" name="runScenario" description="Runs Cucumber Scenarios" data-provider="scenarios" finished-at="2023-04-24T20:52:41 EDT" duration-ms="168" status="PASS">
          <params>
            <param index="0">
              <value>
                <![CDATA["User navigated to tryEditor page with Run button from Insertion page"]]>
              </value>
            </param>
            <param index="1">
              <value>
                <![CDATA["Linked List page validation dsalgo"]]>
              </value>
            </param>
          </params>
          <reporter-output>
          </reporter-output>
        </test-method> <!-- runScenario -->
        <test-method signature="runScenario(io.cucumber.testng.PickleWrapper,io.cucumber.testng.FeatureWrapper)[pri:0, instance:runner.runnercucumber@4c178a76]" started-at="2023-04-24T20:52:41 EDT" name="runScenario" description="Runs Cucumber Scenarios" data-provider="scenarios" finished-at="2023-04-24T20:52:41 EDT" duration-ms="243" status="PASS">
          <params>
            <param index="0">
              <value>
                <![CDATA["User run the code in tryEditor with valid input for Insertion page"]]>
              </value>
            </param>
            <param index="1">
              <value>
                <![CDATA["Linked List page validation dsalgo"]]>
              </value>
            </param>
          </params>
          <reporter-output>
          </reporter-output>
        </test-method> <!-- runScenario -->
        <test-method signature="runScenario(io.cucumber.testng.PickleWrapper,io.cucumber.testng.FeatureWrapper)[pri:0, instance:runner.runnercucumber@4c178a76]" started-at="2023-04-24T20:52:41 EDT" name="runScenario" description="Runs Cucumber Scenarios" data-provider="scenarios" finished-at="2023-04-24T20:52:42 EDT" duration-ms="530" status="PASS">
          <params>
            <param index="0">
              <value>
                <![CDATA["User navigated to Deletion page"]]>
              </value>
            </param>
            <param index="1">
              <value>
                <![CDATA["Linked List page validation dsalgo"]]>
              </value>
            </param>
          </params>
          <reporter-output>
          </reporter-output>
        </test-method> <!-- runScenario -->
        <test-method signature="runScenario(io.cucumber.testng.PickleWrapper,io.cucumber.testng.FeatureWrapper)[pri:0, instance:runner.runnercucumber@4c178a76]" started-at="2023-04-24T20:52:42 EDT" name="runScenario" description="Runs Cucumber Scenarios" data-provider="scenarios" finished-at="2023-04-24T20:52:42 EDT" duration-ms="249" status="PASS">
          <params>
            <param index="0">
              <value>
                <![CDATA["User navigated to tryEditor page with Run button from Deletion page"]]>
              </value>
            </param>
            <param index="1">
              <value>
                <![CDATA["Linked List page validation dsalgo"]]>
              </value>
            </param>
          </params>
          <reporter-output>
          </reporter-output>
        </test-method> <!-- runScenario -->
        <test-method signature="runScenario(io.cucumber.testng.PickleWrapper,io.cucumber.testng.FeatureWrapper)[pri:0, instance:runner.runnercucumber@4c178a76]" started-at="2023-04-24T20:52:42 EDT" name="runScenario" description="Runs Cucumber Scenarios" data-provider="scenarios" finished-at="2023-04-24T20:52:42 EDT" duration-ms="370" status="PASS">
          <params>
            <param index="0">
              <value>
                <![CDATA["User run the code in tryEditor with valid input for Deletion page"]]>
              </value>
            </param>
            <param index="1">
              <value>
                <![CDATA["Linked List page validation dsalgo"]]>
              </value>
            </param>
          </params>
          <reporter-output>
          </reporter-output>
        </test-method> <!-- runScenario -->
        <test-method signature="runScenario(io.cucumber.testng.PickleWrapper,io.cucumber.testng.FeatureWrapper)[pri:0, instance:runner.runnercucumber@4c178a76]" started-at="2023-04-24T20:52:42 EDT" name="runScenario" description="Runs Cucumber Scenarios" data-provider="scenarios" finished-at="2023-04-24T20:52:43 EDT" duration-ms="551" status="PASS">
          <params>
            <param index="0">
              <value>
                <![CDATA["The user is validating Practice Questions page"]]>
              </value>
            </param>
            <param index="1">
              <value>
                <![CDATA["Linked List page validation dsalgo"]]>
              </value>
            </param>
          </params>
          <reporter-output>
          </reporter-output>
        </test-method> <!-- runScenario -->
        <test-method signature="runScenario(io.cucumber.testng.PickleWrapper,io.cucumber.testng.FeatureWrapper)[pri:0, instance:runner.runnercucumber@4c178a76]" started-at="2023-04-24T20:52:43 EDT" name="runScenario" description="Runs Cucumber Scenarios" data-provider="scenarios" finished-at="2023-04-24T20:52:43 EDT" duration-ms="527" status="PASS">
          <params>
            <param index="0">
              <value>
                <![CDATA["user is on homepage"]]>
              </value>
            </param>
            <param index="1">
              <value>
                <![CDATA["performing Stack"]]>
              </value>
            </param>
          </params>
          <reporter-output>
          </reporter-output>
        </test-method> <!-- runScenario -->
        <test-method signature="runScenario(io.cucumber.testng.PickleWrapper,io.cucumber.testng.FeatureWrapper)[pri:0, instance:runner.runnercucumber@4c178a76]" started-at="2023-04-24T20:52:43 EDT" name="runScenario" description="Runs Cucumber Scenarios" data-provider="scenarios" finished-at="2023-04-24T20:52:44 EDT" duration-ms="454" status="PASS">
          <params>
            <param index="0">
              <value>
                <![CDATA["Validation of Arrays in Python link"]]>
              </value>
            </param>
            <param index="1">
              <value>
                <![CDATA["performing Stack"]]>
              </value>
            </param>
          </params>
          <reporter-output>
          </reporter-output>
        </test-method> <!-- runScenario -->
        <test-method signature="runScenario(io.cucumber.testng.PickleWrapper,io.cucumber.testng.FeatureWrapper)[pri:0, instance:runner.runnercucumber@4c178a76]" started-at="2023-04-24T20:52:44 EDT" name="runScenario" description="Runs Cucumber Scenarios" data-provider="scenarios" finished-at="2023-04-24T20:52:44 EDT" duration-ms="452" status="PASS">
          <params>
            <param index="0">
              <value>
                <![CDATA["Validation of Try Here button"]]>
              </value>
            </param>
            <param index="1">
              <value>
                <![CDATA["performing Stack"]]>
              </value>
            </param>
          </params>
          <reporter-output>
          </reporter-output>
        </test-method> <!-- runScenario -->
        <test-method signature="runScenario(io.cucumber.testng.PickleWrapper,io.cucumber.testng.FeatureWrapper)[pri:0, instance:runner.runnercucumber@4c178a76]" started-at="2023-04-24T20:52:44 EDT" name="runScenario" description="Runs Cucumber Scenarios" data-provider="scenarios" finished-at="2023-04-24T20:52:45 EDT" duration-ms="370" status="PASS">
          <params>
            <param index="0">
              <value>
                <![CDATA["The user is able to run code in tryEditor"]]>
              </value>
            </param>
            <param index="1">
              <value>
                <![CDATA["performing Stack"]]>
              </value>
            </param>
          </params>
          <reporter-output>
          </reporter-output>
        </test-method> <!-- runScenario -->
        <test-method signature="runScenario(io.cucumber.testng.PickleWrapper,io.cucumber.testng.FeatureWrapper)[pri:0, instance:runner.runnercucumber@4c178a76]" started-at="2023-04-24T20:52:45 EDT" name="runScenario" description="Runs Cucumber Scenarios" data-provider="scenarios" finished-at="2023-04-24T20:52:45 EDT" duration-ms="425" status="PASS">
          <params>
            <param index="0">
              <value>
                <![CDATA["The user is able to run code in tryEditor"]]>
              </value>
            </param>
            <param index="1">
              <value>
                <![CDATA["performing Stack"]]>
              </value>
            </param>
          </params>
          <reporter-output>
          </reporter-output>
        </test-method> <!-- runScenario -->
        <test-method signature="runScenario(io.cucumber.testng.PickleWrapper,io.cucumber.testng.FeatureWrapper)[pri:0, instance:runner.runnercucumber@4c178a76]" started-at="2023-04-24T20:52:45 EDT" name="runScenario" description="Runs Cucumber Scenarios" data-provider="scenarios" finished-at="2023-04-24T20:52:46 EDT" duration-ms="474" status="PASS">
          <params>
            <param index="0">
              <value>
                <![CDATA["Validation of Arrays Using List link"]]>
              </value>
            </param>
            <param index="1">
              <value>
                <![CDATA["performing Stack"]]>
              </value>
            </param>
          </params>
          <reporter-output>
          </reporter-output>
        </test-method> <!-- runScenario -->
        <test-method signature="runScenario(io.cucumber.testng.PickleWrapper,io.cucumber.testng.FeatureWrapper)[pri:0, instance:runner.runnercucumber@4c178a76]" started-at="2023-04-24T20:52:46 EDT" name="runScenario" description="Runs Cucumber Scenarios" data-provider="scenarios" finished-at="2023-04-24T20:52:46 EDT" duration-ms="295" status="PASS">
          <params>
            <param index="0">
              <value>
                <![CDATA["Validation of Try Here button"]]>
              </value>
            </param>
            <param index="1">
              <value>
                <![CDATA["performing Stack"]]>
              </value>
            </param>
          </params>
          <reporter-output>
          </reporter-output>
        </test-method> <!-- runScenario -->
        <test-method signature="runScenario(io.cucumber.testng.PickleWrapper,io.cucumber.testng.FeatureWrapper)[pri:0, instance:runner.runnercucumber@4c178a76]" started-at="2023-04-24T20:52:46 EDT" name="runScenario" description="Runs Cucumber Scenarios" data-provider="scenarios" finished-at="2023-04-24T20:52:46 EDT" duration-ms="437" status="PASS">
          <params>
            <param index="0">
              <value>
                <![CDATA["Validation of valid python code in TryEditor page using Arrays Using List"]]>
              </value>
            </param>
            <param index="1">
              <value>
                <![CDATA["performing Stack"]]>
              </value>
            </param>
          </params>
          <reporter-output>
          </reporter-output>
        </test-method> <!-- runScenario -->
        <test-method signature="runScenario(io.cucumber.testng.PickleWrapper,io.cucumber.testng.FeatureWrapper)[pri:0, instance:runner.runnercucumber@4c178a76]" started-at="2023-04-24T20:52:46 EDT" name="runScenario" description="Runs Cucumber Scenarios" data-provider="scenarios" finished-at="2023-04-24T20:52:47 EDT" duration-ms="402" status="PASS">
          <params>
            <param index="0">
              <value>
                <![CDATA["The user is able to run code in tryEditor"]]>
              </value>
            </param>
            <param index="1">
              <value>
                <![CDATA["performing Stack"]]>
              </value>
            </param>
          </params>
          <reporter-output>
          </reporter-output>
        </test-method> <!-- runScenario -->
        <test-method signature="runScenario(io.cucumber.testng.PickleWrapper,io.cucumber.testng.FeatureWrapper)[pri:0, instance:runner.runnercucumber@4c178a76]" started-at="2023-04-24T20:52:47 EDT" name="runScenario" description="Runs Cucumber Scenarios" data-provider="scenarios" finished-at="2023-04-24T20:52:47 EDT" duration-ms="407" status="PASS">
          <params>
            <param index="0">
              <value>
                <![CDATA["Validation of Basic Operations in Lists link"]]>
              </value>
            </param>
            <param index="1">
              <value>
                <![CDATA["performing Stack"]]>
              </value>
            </param>
          </params>
          <reporter-output>
          </reporter-output>
        </test-method> <!-- runScenario -->
        <test-method signature="runScenario(io.cucumber.testng.PickleWrapper,io.cucumber.testng.FeatureWrapper)[pri:0, instance:runner.runnercucumber@4c178a76]" started-at="2023-04-24T20:52:47 EDT" name="runScenario" description="Runs Cucumber Scenarios" data-provider="scenarios" finished-at="2023-04-24T20:52:48 EDT" duration-ms="535" status="PASS">
          <params>
            <param index="0">
              <value>
                <![CDATA["Validation of valid python code in TryEditor page for Basic Operations in Lists"]]>
              </value>
            </param>
            <param index="1">
              <value>
                <![CDATA["performing Stack"]]>
              </value>
            </param>
          </params>
          <reporter-output>
          </reporter-output>
        </test-method> <!-- runScenario -->
        <test-method signature="runScenario(io.cucumber.testng.PickleWrapper,io.cucumber.testng.FeatureWrapper)[pri:0, instance:runner.runnercucumber@4c178a76]" started-at="2023-04-24T20:52:48 EDT" name="runScenario" description="Runs Cucumber Scenarios" data-provider="scenarios" finished-at="2023-04-24T20:52:48 EDT" duration-ms="402" status="PASS">
          <params>
            <param index="0">
              <value>
                <![CDATA["Validation of valid python code in TryEditor page for Basic Operations in Lists"]]>
              </value>
            </param>
            <param index="1">
              <value>
                <![CDATA["performing Stack"]]>
              </value>
            </param>
          </params>
          <reporter-output>
          </reporter-output>
        </test-method> <!-- runScenario -->
        <test-method signature="runScenario(io.cucumber.testng.PickleWrapper,io.cucumber.testng.FeatureWrapper)[pri:0, instance:runner.runnercucumber@4c178a76]" started-at="2023-04-24T20:52:48 EDT" name="runScenario" description="Runs Cucumber Scenarios" data-provider="scenarios" finished-at="2023-04-24T20:52:48 EDT" duration-ms="361" status="PASS">
          <params>
            <param index="0">
              <value>
                <![CDATA["Validation of Applications of Arrays link"]]>
              </value>
            </param>
            <param index="1">
              <value>
                <![CDATA["performing Stack"]]>
              </value>
            </param>
          </params>
          <reporter-output>
          </reporter-output>
        </test-method> <!-- runScenario -->
        <test-method signature="runScenario(io.cucumber.testng.PickleWrapper,io.cucumber.testng.FeatureWrapper)[pri:0, instance:runner.runnercucumber@4c178a76]" started-at="2023-04-24T20:52:48 EDT" name="runScenario" description="Runs Cucumber Scenarios" data-provider="scenarios" finished-at="2023-04-24T20:52:49 EDT" duration-ms="384" status="PASS">
          <params>
            <param index="0">
              <value>
                <![CDATA["Validation of Practice Questions link"]]>
              </value>
            </param>
            <param index="1">
              <value>
                <![CDATA["performing Stack"]]>
              </value>
            </param>
          </params>
          <reporter-output>
          </reporter-output>
        </test-method> <!-- runScenario -->
        <test-method signature="runScenario(io.cucumber.testng.PickleWrapper,io.cucumber.testng.FeatureWrapper)[pri:0, instance:runner.runnercucumber@4c178a76]" started-at="2023-04-24T20:52:49 EDT" name="runScenario" description="Runs Cucumber Scenarios" data-provider="scenarios" finished-at="2023-04-24T20:52:49 EDT" duration-ms="548" status="PASS">
          <params>
            <param index="0">
              <value>
                <![CDATA["Validation of Search the Array link"]]>
              </value>
            </param>
            <param index="1">
              <value>
                <![CDATA["performing Stack"]]>
              </value>
            </param>
          </params>
          <reporter-output>
          </reporter-output>
        </test-method> <!-- runScenario -->
        <test-method signature="runScenario(io.cucumber.testng.PickleWrapper,io.cucumber.testng.FeatureWrapper)[pri:0, instance:runner.runnercucumber@4c178a76]" started-at="2023-04-24T20:52:49 EDT" name="runScenario" description="Runs Cucumber Scenarios" data-provider="scenarios" finished-at="2023-04-24T20:52:50 EDT" duration-ms="416" status="PASS">
          <params>
            <param index="0">
              <value>
                <![CDATA["Validation of valid python code in Practice Questions page for Search for Array link"]]>
              </value>
            </param>
            <param index="1">
              <value>
                <![CDATA["performing Stack"]]>
              </value>
            </param>
          </params>
          <reporter-output>
          </reporter-output>
        </test-method> <!-- runScenario -->
        <test-method signature="runScenario(io.cucumber.testng.PickleWrapper,io.cucumber.testng.FeatureWrapper)[pri:0, instance:runner.runnercucumber@4c178a76]" started-at="2023-04-24T20:52:50 EDT" name="runScenario" description="Runs Cucumber Scenarios" data-provider="scenarios" finished-at="2023-04-24T20:52:50 EDT" duration-ms="541" status="PASS">
          <params>
            <param index="0">
              <value>
                <![CDATA["Validation of Find Numbers with Even Number of Digits link"]]>
              </value>
            </param>
            <param index="1">
              <value>
                <![CDATA["performing Stack"]]>
              </value>
            </param>
          </params>
          <reporter-output>
          </reporter-output>
        </test-method> <!-- runScenario -->
        <test-method signature="runScenario(io.cucumber.testng.PickleWrapper,io.cucumber.testng.FeatureWrapper)[pri:0, instance:runner.runnercucumber@4c178a76]" started-at="2023-04-24T20:52:50 EDT" name="runScenario" description="Runs Cucumber Scenarios" data-provider="scenarios" finished-at="2023-04-24T20:52:51 EDT" duration-ms="1021" status="PASS">
          <params>
            <param index="0">
              <value>
                <![CDATA["Validation of Submit button in Practice Questions page for Find Numbers with Even Numbers of Digits link"]]>
              </value>
            </param>
            <param index="1">
              <value>
                <![CDATA["performing Stack"]]>
              </value>
            </param>
          </params>
          <reporter-output>
          </reporter-output>
        </test-method> <!-- runScenario -->
        <test-method signature="runScenario(io.cucumber.testng.PickleWrapper,io.cucumber.testng.FeatureWrapper)[pri:0, instance:runner.runnercucumber@4c178a76]" started-at="2023-04-24T20:52:51 EDT" name="runScenario" description="Runs Cucumber Scenarios" data-provider="scenarios" finished-at="2023-04-24T20:52:52 EDT" duration-ms="417" status="PASS">
          <params>
            <param index="0">
              <value>
                <![CDATA["Validation of Squares of a Sorted Array link Squares of a Sorted Array link"]]>
              </value>
            </param>
            <param index="1">
              <value>
                <![CDATA["performing Stack"]]>
              </value>
            </param>
          </params>
          <reporter-output>
          </reporter-output>
        </test-method> <!-- runScenario -->
        <test-method signature="runScenario(io.cucumber.testng.PickleWrapper,io.cucumber.testng.FeatureWrapper)[pri:0, instance:runner.runnercucumber@4c178a76]" started-at="2023-04-24T20:52:52 EDT" name="runScenario" description="Runs Cucumber Scenarios" data-provider="scenarios" finished-at="2023-04-24T20:52:53 EDT" duration-ms="1098" status="PASS">
          <params>
            <param index="0">
              <value>
                <![CDATA["Validation of Submit button in Practice Questions page for Find Numbers with Even Numbers of Digits link"]]>
              </value>
            </param>
            <param index="1">
              <value>
                <![CDATA["performing Stack"]]>
              </value>
            </param>
          </params>
          <reporter-output>
          </reporter-output>
        </test-method> <!-- runScenario -->
        <test-method signature="runScenario(io.cucumber.testng.PickleWrapper,io.cucumber.testng.FeatureWrapper)[pri:0, instance:runner.runnercucumber@4c178a76]" started-at="2023-04-24T20:52:53 EDT" name="runScenario" description="Runs Cucumber Scenarios" data-provider="scenarios" finished-at="2023-04-24T20:52:53 EDT" duration-ms="320" status="PASS">
          <params>
            <param index="0">
              <value>
                <![CDATA["User should be able to navigate to Graph Data Structure Page"]]>
              </value>
            </param>
            <param index="1">
              <value>
                <![CDATA["To Validate Graph Data Structure"]]>
              </value>
            </param>
          </params>
          <reporter-output>
          </reporter-output>
        </test-method> <!-- runScenario -->
        <test-method signature="runScenario(io.cucumber.testng.PickleWrapper,io.cucumber.testng.FeatureWrapper)[pri:0, instance:runner.runnercucumber@4c178a76]" started-at="2023-04-24T20:52:53 EDT" name="runScenario" description="Runs Cucumber Scenarios" data-provider="scenarios" finished-at="2023-04-24T20:52:53 EDT" duration-ms="160" status="PASS">
          <params>
            <param index="0">
              <value>
                <![CDATA["User should  be able to navigate to Graph Page"]]>
              </value>
            </param>
            <param index="1">
              <value>
                <![CDATA["To Validate Graph Data Structure"]]>
              </value>
            </param>
          </params>
          <reporter-output>
          </reporter-output>
        </test-method> <!-- runScenario -->
        <test-method signature="runScenario(io.cucumber.testng.PickleWrapper,io.cucumber.testng.FeatureWrapper)[pri:0, instance:runner.runnercucumber@4c178a76]" started-at="2023-04-24T20:52:53 EDT" name="runScenario" description="Runs Cucumber Scenarios" data-provider="scenarios" finished-at="2023-04-24T20:52:54 EDT" duration-ms="310" status="PASS">
          <params>
            <param index="0">
              <value>
                <![CDATA["User should be able to navigate to tryEditor Page"]]>
              </value>
            </param>
            <param index="1">
              <value>
                <![CDATA["To Validate Graph Data Structure"]]>
              </value>
            </param>
          </params>
          <reporter-output>
          </reporter-output>
        </test-method> <!-- runScenario -->
        <test-method signature="runScenario(io.cucumber.testng.PickleWrapper,io.cucumber.testng.FeatureWrapper)[pri:0, instance:runner.runnercucumber@4c178a76]" started-at="2023-04-24T20:52:54 EDT" name="runScenario" description="Runs Cucumber Scenarios" data-provider="scenarios" finished-at="2023-04-24T20:52:54 EDT" duration-ms="289" status="PASS">
          <params>
            <param index="0">
              <value>
                <![CDATA["User enters valid Python code and Presented with Result"]]>
              </value>
            </param>
            <param index="1">
              <value>
                <![CDATA["To Validate Graph Data Structure"]]>
              </value>
            </param>
          </params>
          <reporter-output>
          </reporter-output>
        </test-method> <!-- runScenario -->
        <test-method signature="runScenario(io.cucumber.testng.PickleWrapper,io.cucumber.testng.FeatureWrapper)[pri:0, instance:runner.runnercucumber@4c178a76]" started-at="2023-04-24T20:52:54 EDT" name="runScenario" description="Runs Cucumber Scenarios" data-provider="scenarios" finished-at="2023-04-24T20:52:54 EDT" duration-ms="469" status="PASS">
          <params>
            <param index="0">
              <value>
                <![CDATA["User should be able to navigate to Graph representations Page"]]>
              </value>
            </param>
            <param index="1">
              <value>
                <![CDATA["To Validate Graph Data Structure"]]>
              </value>
            </param>
          </params>
          <reporter-output>
          </reporter-output>
        </test-method> <!-- runScenario -->
        <test-method signature="runScenario(io.cucumber.testng.PickleWrapper,io.cucumber.testng.FeatureWrapper)[pri:0, instance:runner.runnercucumber@4c178a76]" started-at="2023-04-24T20:52:54 EDT" name="runScenario" description="Runs Cucumber Scenarios" data-provider="scenarios" finished-at="2023-04-24T20:52:55 EDT" duration-ms="226" status="PASS">
          <params>
            <param index="0">
              <value>
                <![CDATA["User should be able to  navigate to tryEditor Page"]]>
              </value>
            </param>
            <param index="1">
              <value>
                <![CDATA["To Validate Graph Data Structure"]]>
              </value>
            </param>
          </params>
          <reporter-output>
          </reporter-output>
        </test-method> <!-- runScenario -->
        <test-method signature="runScenario(io.cucumber.testng.PickleWrapper,io.cucumber.testng.FeatureWrapper)[pri:0, instance:runner.runnercucumber@4c178a76]" started-at="2023-04-24T20:52:55 EDT" name="runScenario" description="Runs Cucumber Scenarios" data-provider="scenarios" finished-at="2023-04-24T20:52:55 EDT" duration-ms="243" status="PASS">
          <params>
            <param index="0">
              <value>
                <![CDATA["User should be able to enter a invalid Python code and Presented with Error Message"]]>
              </value>
            </param>
            <param index="1">
              <value>
                <![CDATA["To Validate Graph Data Structure"]]>
              </value>
            </param>
          </params>
          <reporter-output>
          </reporter-output>
        </test-method> <!-- runScenario -->
        <test-method signature="runScenario(io.cucumber.testng.PickleWrapper,io.cucumber.testng.FeatureWrapper)[pri:0, instance:runner.runnercucumber@4c178a76]" started-at="2023-04-24T20:52:55 EDT" name="runScenario" description="Runs Cucumber Scenarios" data-provider="scenarios" finished-at="2023-04-24T20:52:55 EDT" duration-ms="152" status="PASS">
          <params>
            <param index="0">
              <value>
                <![CDATA["The user is able to navigate to "Practice Questions" in graph Page"]]>
              </value>
            </param>
            <param index="1">
              <value>
                <![CDATA["To Validate Graph Data Structure"]]>
              </value>
            </param>
          </params>
          <reporter-output>
          </reporter-output>
        </test-method> <!-- runScenario -->
        <test-method signature="runScenario(io.cucumber.testng.PickleWrapper,io.cucumber.testng.FeatureWrapper)[pri:0, instance:runner.runnercucumber@4c178a76]" started-at="2023-04-24T20:52:55 EDT" name="runScenario" description="Runs Cucumber Scenarios" data-provider="scenarios" finished-at="2023-04-24T20:52:55 EDT" duration-ms="428" status="PASS">
          <params>
            <param index="0">
              <value>
                <![CDATA["User is naviagted to Queue Data structure from homepage"]]>
              </value>
            </param>
            <param index="1">
              <value>
                <![CDATA["To validate Queue Data Structure"]]>
              </value>
            </param>
          </params>
          <reporter-output>
          </reporter-output>
        </test-method> <!-- runScenario -->
        <test-method signature="runScenario(io.cucumber.testng.PickleWrapper,io.cucumber.testng.FeatureWrapper)[pri:0, instance:runner.runnercucumber@4c178a76]" started-at="2023-04-24T20:52:55 EDT" name="runScenario" description="Runs Cucumber Scenarios" data-provider="scenarios" finished-at="2023-04-24T20:52:56 EDT" duration-ms="348" status="PASS">
          <params>
            <param index="0">
              <value>
                <![CDATA["User is navigated to Implementation of Queue in Python"]]>
              </value>
            </param>
            <param index="1">
              <value>
                <![CDATA["To validate Queue Data Structure"]]>
              </value>
            </param>
          </params>
          <reporter-output>
          </reporter-output>
        </test-method> <!-- runScenario -->
        <test-method signature="runScenario(io.cucumber.testng.PickleWrapper,io.cucumber.testng.FeatureWrapper)[pri:0, instance:runner.runnercucumber@4c178a76]" started-at="2023-04-24T20:52:56 EDT" name="runScenario" description="Runs Cucumber Scenarios" data-provider="scenarios" finished-at="2023-04-24T20:52:56 EDT" duration-ms="208" status="PASS">
          <params>
            <param index="0">
              <value>
                <![CDATA["User is navigated to tryEditor Page"]]>
              </value>
            </param>
            <param index="1">
              <value>
                <![CDATA["To validate Queue Data Structure"]]>
              </value>
            </param>
          </params>
          <reporter-output>
          </reporter-output>
        </test-method> <!-- runScenario -->
        <test-method signature="runScenario(io.cucumber.testng.PickleWrapper,io.cucumber.testng.FeatureWrapper)[pri:0, instance:runner.runnercucumber@4c178a76]" started-at="2023-04-24T20:52:56 EDT" name="runScenario" description="Runs Cucumber Scenarios" data-provider="scenarios" finished-at="2023-04-24T20:52:56 EDT" duration-ms="366" status="PASS">
          <params>
            <param index="0">
              <value>
                <![CDATA["User enters valid Python code and Presented with  Result"]]>
              </value>
            </param>
            <param index="1">
              <value>
                <![CDATA["To validate Queue Data Structure"]]>
              </value>
            </param>
          </params>
          <reporter-output>
          </reporter-output>
        </test-method> <!-- runScenario -->
        <test-method signature="runScenario(io.cucumber.testng.PickleWrapper,io.cucumber.testng.FeatureWrapper)[pri:0, instance:runner.runnercucumber@4c178a76]" started-at="2023-04-24T20:52:56 EDT" name="runScenario" description="Runs Cucumber Scenarios" data-provider="scenarios" finished-at="2023-04-24T20:52:57 EDT" duration-ms="769" status="PASS">
          <params>
            <param index="0">
              <value>
                <![CDATA["User enters Invalid Python code and Presented with Error Message"]]>
              </value>
            </param>
            <param index="1">
              <value>
                <![CDATA["To validate Queue Data Structure"]]>
              </value>
            </param>
          </params>
          <reporter-output>
          </reporter-output>
        </test-method> <!-- runScenario -->
        <test-method signature="runScenario(io.cucumber.testng.PickleWrapper,io.cucumber.testng.FeatureWrapper)[pri:0, instance:runner.runnercucumber@4c178a76]" started-at="2023-04-24T20:52:57 EDT" name="runScenario" description="Runs Cucumber Scenarios" data-provider="scenarios" finished-at="2023-04-24T20:52:57 EDT" duration-ms="137" status="PASS">
          <params>
            <param index="0">
              <value>
                <![CDATA["User navigates to Implementation using collections.deque"]]>
              </value>
            </param>
            <param index="1">
              <value>
                <![CDATA["To validate Queue Data Structure"]]>
              </value>
            </param>
          </params>
          <reporter-output>
          </reporter-output>
        </test-method> <!-- runScenario -->
        <test-method signature="runScenario(io.cucumber.testng.PickleWrapper,io.cucumber.testng.FeatureWrapper)[pri:0, instance:runner.runnercucumber@4c178a76]" started-at="2023-04-24T20:52:57 EDT" name="runScenario" description="Runs Cucumber Scenarios" data-provider="scenarios" finished-at="2023-04-24T20:52:58 EDT" duration-ms="296" status="PASS">
          <params>
            <param index="0">
              <value>
                <![CDATA["User navigates to tryEditor page"]]>
              </value>
            </param>
            <param index="1">
              <value>
                <![CDATA["To validate Queue Data Structure"]]>
              </value>
            </param>
          </params>
          <reporter-output>
          </reporter-output>
        </test-method> <!-- runScenario -->
        <test-method signature="runScenario(io.cucumber.testng.PickleWrapper,io.cucumber.testng.FeatureWrapper)[pri:0, instance:runner.runnercucumber@4c178a76]" started-at="2023-04-24T20:52:58 EDT" name="runScenario" description="Runs Cucumber Scenarios" data-provider="scenarios" finished-at="2023-04-24T20:52:58 EDT" duration-ms="312" status="PASS">
          <params>
            <param index="0">
              <value>
                <![CDATA["User enters valid Python code and Presented with  Result"]]>
              </value>
            </param>
            <param index="1">
              <value>
                <![CDATA["To validate Queue Data Structure"]]>
              </value>
            </param>
          </params>
          <reporter-output>
          </reporter-output>
        </test-method> <!-- runScenario -->
        <test-method signature="runScenario(io.cucumber.testng.PickleWrapper,io.cucumber.testng.FeatureWrapper)[pri:0, instance:runner.runnercucumber@4c178a76]" started-at="2023-04-24T20:52:58 EDT" name="runScenario" description="Runs Cucumber Scenarios" data-provider="scenarios" finished-at="2023-04-24T20:52:58 EDT" duration-ms="121" status="PASS">
          <params>
            <param index="0">
              <value>
                <![CDATA["User is navigated to Implementation using array"]]>
              </value>
            </param>
            <param index="1">
              <value>
                <![CDATA["To validate Queue Data Structure"]]>
              </value>
            </param>
          </params>
          <reporter-output>
          </reporter-output>
        </test-method> <!-- runScenario -->
        <test-method signature="runScenario(io.cucumber.testng.PickleWrapper,io.cucumber.testng.FeatureWrapper)[pri:0, instance:runner.runnercucumber@4c178a76]" started-at="2023-04-24T20:52:58 EDT" name="runScenario" description="Runs Cucumber Scenarios" data-provider="scenarios" finished-at="2023-04-24T20:52:58 EDT" duration-ms="255" status="PASS">
          <params>
            <param index="0">
              <value>
                <![CDATA["User is naviagted to tryEditor page from Implementation using array page"]]>
              </value>
            </param>
            <param index="1">
              <value>
                <![CDATA["To validate Queue Data Structure"]]>
              </value>
            </param>
          </params>
          <reporter-output>
          </reporter-output>
        </test-method> <!-- runScenario -->
        <test-method signature="runScenario(io.cucumber.testng.PickleWrapper,io.cucumber.testng.FeatureWrapper)[pri:0, instance:runner.runnercucumber@4c178a76]" started-at="2023-04-24T20:52:58 EDT" name="runScenario" description="Runs Cucumber Scenarios" data-provider="scenarios" finished-at="2023-04-24T20:52:59 EDT" duration-ms="219" status="PASS">
          <params>
            <param index="0">
              <value>
                <![CDATA["User enters valid Python code and Presented with  Result"]]>
              </value>
            </param>
            <param index="1">
              <value>
                <![CDATA["To validate Queue Data Structure"]]>
              </value>
            </param>
          </params>
          <reporter-output>
          </reporter-output>
        </test-method> <!-- runScenario -->
        <test-method signature="runScenario(io.cucumber.testng.PickleWrapper,io.cucumber.testng.FeatureWrapper)[pri:0, instance:runner.runnercucumber@4c178a76]" started-at="2023-04-24T20:52:59 EDT" name="runScenario" description="Runs Cucumber Scenarios" data-provider="scenarios" finished-at="2023-04-24T20:52:59 EDT" duration-ms="139" status="PASS">
          <params>
            <param index="0">
              <value>
                <![CDATA["User is navigated to Queue Operations"]]>
              </value>
            </param>
            <param index="1">
              <value>
                <![CDATA["To validate Queue Data Structure"]]>
              </value>
            </param>
          </params>
          <reporter-output>
          </reporter-output>
        </test-method> <!-- runScenario -->
        <test-method signature="runScenario(io.cucumber.testng.PickleWrapper,io.cucumber.testng.FeatureWrapper)[pri:0, instance:runner.runnercucumber@4c178a76]" started-at="2023-04-24T20:52:59 EDT" name="runScenario" description="Runs Cucumber Scenarios" data-provider="scenarios" finished-at="2023-04-24T20:52:59 EDT" duration-ms="261" status="PASS">
          <params>
            <param index="0">
              <value>
                <![CDATA["User is navigated to tryEditor Page"]]>
              </value>
            </param>
            <param index="1">
              <value>
                <![CDATA["To validate Queue Data Structure"]]>
              </value>
            </param>
          </params>
          <reporter-output>
          </reporter-output>
        </test-method> <!-- runScenario -->
        <test-method signature="runScenario(io.cucumber.testng.PickleWrapper,io.cucumber.testng.FeatureWrapper)[pri:0, instance:runner.runnercucumber@4c178a76]" started-at="2023-04-24T20:52:59 EDT" name="runScenario" description="Runs Cucumber Scenarios" data-provider="scenarios" finished-at="2023-04-24T20:52:59 EDT" duration-ms="203" status="PASS">
          <params>
            <param index="0">
              <value>
                <![CDATA["User enters valid Python code and Presented with  Result"]]>
              </value>
            </param>
            <param index="1">
              <value>
                <![CDATA["To validate Queue Data Structure"]]>
              </value>
            </param>
          </params>
          <reporter-output>
          </reporter-output>
        </test-method> <!-- runScenario -->
        <test-method signature="runScenario(io.cucumber.testng.PickleWrapper,io.cucumber.testng.FeatureWrapper)[pri:0, instance:runner.runnercucumber@4c178a76]" started-at="2023-04-24T20:52:59 EDT" name="runScenario" description="Runs Cucumber Scenarios" data-provider="scenarios" finished-at="2023-04-24T20:52:59 EDT" duration-ms="164" status="PASS">
          <params>
            <param index="0">
              <value>
                <![CDATA["User navigated to Practice Questions"]]>
              </value>
            </param>
            <param index="1">
              <value>
                <![CDATA["To validate Queue Data Structure"]]>
              </value>
            </param>
          </params>
          <reporter-output>
          </reporter-output>
        </test-method> <!-- runScenario -->
        <test-method signature="runScenario(io.cucumber.testng.PickleWrapper,io.cucumber.testng.FeatureWrapper)[pri:0, instance:runner.runnercucumber@4c178a76]" started-at="2023-04-24T20:52:59 EDT" name="runScenario" description="Runs Cucumber Scenarios" data-provider="scenarios" finished-at="2023-04-24T20:53:00 EDT" duration-ms="447" status="FAIL">
          <params>
            <param index="0">
              <value>
                <![CDATA["User Clicked on TryEditor Link on Tree Page"]]>
              </value>
            </param>
            <param index="1">
              <value>
                <![CDATA["Tree Page Try Editor test"]]>
              </value>
            </param>
          </params>
          <exception class="java.lang.AssertionError">
            <message>
              <![CDATA[expected [ ] but found [Practice Questions]]]>
            </message>
            <full-stacktrace>
              <![CDATA[java.lang.AssertionError: expected [ ] but found [Practice Questions]
at org.testng.Assert.fail(Assert.java:110)
at org.testng.Assert.failNotEquals(Assert.java:1577)
at org.testng.Assert.assertEqualsImpl(Assert.java:149)
at org.testng.Assert.assertEquals(Assert.java:131)
at org.testng.Assert.assertEquals(Assert.java:655)
at org.testng.Assert.assertEquals(Assert.java:665)
at pageObjectModel.TreePage_POM.TreeSubpageTitle(TreePage_POM.java:78)
at stepDefination.TreePage_TryEditor.user_is_on_tree_subpage(TreePage_TryEditor.java:36)
at ✽.User is on Tree Subpage " "(file:///C:/Users/14377/eclipse-workspace/numpy_ninja_ds_algo/src/test/resources/features/Tree_TryEditor.feature:25)
]]>
            </full-stacktrace>
          </exception> <!-- java.lang.AssertionError -->
          <reporter-output>
          </reporter-output>
        </test-method> <!-- runScenario -->
        <test-method is-config="true" signature="tearDownClass()[pri:0, instance:runner.runnercucumber@4c178a76]" started-at="2023-04-24T20:53:00 EDT" name="tearDownClass" finished-at="2023-04-24T20:53:22 EDT" duration-ms="22532" status="PASS">
          <reporter-output>
          </reporter-output>
        </test-method> <!-- tearDownClass -->
      </class> <!-- runner.runnercucumber -->
    </test> <!-- Default test -->
  </suite> <!-- Default suite -->
</testng-results>
