<?xml version="1.0" encoding="UTF-8"?>
<!-- Generated by org.testng.reporters.JUnitReportReporter -->
<testsuite hostname="DESKTOP-EMTR17J" failures="1" tests="115" name="runner.runnercucumber" time="56.562" errors="0" timestamp="2023-04-23T20:29:30 EDT" skipped="0">
  <testcase classname="runner.runnercucumber" name="runScenario" time="0.281"/>
  <system-out/>
  <testcase classname="runner.runnercucumber" name="runScenario" time="0.184"/>
  <system-out/>
  <testcase classname="runner.runnercucumber" name="runScenario" time="0.363"/>
  <system-out/>
  <testcase classname="runner.runnercucumber" name="runScenario" time="0.750"/>
  <system-out/>
  <testcase classname="runner.runnercucumber" name="runScenario" time="1.089"/>
  <system-out/>
  <testcase classname="runner.runnercucumber" name="runScenario" time="0.424"/>
  <system-out/>
  <testcase classname="runner.runnercucumber" name="runScenario" time="0.340"/>
  <system-out/>
  <testcase classname="runner.runnercucumber" name="runScenario" time="0.510"/>
  <system-out/>
  <testcase classname="runner.runnercucumber" name="runScenario" time="0.469"/>
  <system-out/>
  <testcase classname="runner.runnercucumber" name="runScenario" time="2.461"/>
  <system-out/>
  <testcase classname="runner.runnercucumber" name="runScenario" time="0.315"/>
  <system-out/>
  <testcase classname="runner.runnercucumber" name="runScenario" time="0.186"/>
  <system-out/>
  <testcase classname="runner.runnercucumber" name="runScenario" time="0.182"/>
  <system-out/>
  <testcase classname="runner.runnercucumber" name="runScenario" time="0.190"/>
  <system-out/>
  <testcase classname="runner.runnercucumber" name="runScenario" time="0.487"/>
  <system-out/>
  <testcase classname="runner.runnercucumber" name="runScenario" time="0.372"/>
  <system-out/>
  <testcase classname="runner.runnercucumber" name="runScenario" time="0.139"/>
  <system-out/>
  <testcase classname="runner.runnercucumber" name="runScenario" time="0.538"/>
  <system-out/>
  <testcase classname="runner.runnercucumber" name="runScenario" time="0.451"/>
  <system-out/>
  <testcase classname="runner.runnercucumber" name="runScenario" time="0.585"/>
  <system-out/>
  <testcase classname="runner.runnercucumber" name="runScenario" time="0.321"/>
  <system-out/>
  <testcase classname="runner.runnercucumber" name="runScenario" time="0.952"/>
  <system-out/>
  <testcase classname="runner.runnercucumber" name="runScenario" time="0.171"/>
  <system-out/>
  <testcase classname="runner.runnercucumber" name="runScenario" time="0.864"/>
  <system-out/>
  <testcase classname="runner.runnercucumber" name="runScenario" time="0.300"/>
  <system-out/>
  <testcase classname="runner.runnercucumber" name="runScenario" time="0.905"/>
  <system-out/>
  <testcase classname="runner.runnercucumber" name="runScenario" time="0.521"/>
  <system-out/>
  <testcase classname="runner.runnercucumber" name="runScenario" time="0.415">
    <failure message="expected [ ] but found [Practice Questions]" type="java.lang.AssertionError">
      <![CDATA[java.lang.AssertionError: expected [ ] but found [Practice Questions]
at org.testng.Assert.fail(Assert.java:110)
at org.testng.Assert.failNotEquals(Assert.java:1577)
at org.testng.Assert.assertEqualsImpl(Assert.java:149)
at org.testng.Assert.assertEquals(Assert.java:131)
at org.testng.Assert.assertEquals(Assert.java:655)
at org.testng.Assert.assertEquals(Assert.java:665)
at pageObjectModel.TreePage_POM.TreeSubpageTitle(TreePage_POM.java:78)
at stepDefination.TreePage_TryEditor.user_is_on_tree_subpage(TreePage_TryEditor.java:36)
at ✽.User is on Tree Subpage " "(file:///C:/Users/14377/eclipse-workspace/numpy_ninja_ds_algo/src/test/resources/features/Tree_TryEditor.feature:25)
]]>
    </failure>
  </testcase> <!-- runScenario -->
  <system-out/>
  <testcase classname="runner.runnercucumber" name="runScenario" time="0.267"/>
  <system-out/>
  <testcase classname="runner.runnercucumber" name="runScenario" time="0.433"/>
  <system-out/>
  <testcase classname="runner.runnercucumber" name="runScenario" time="0.392"/>
  <system-out/>
  <testcase classname="runner.runnercucumber" name="runScenario" time="0.507"/>
  <system-out/>
  <testcase classname="runner.runnercucumber" name="runScenario" time="0.334"/>
  <system-out/>
  <testcase classname="runner.runnercucumber" name="runScenario" time="0.344"/>
  <system-out/>
  <testcase classname="runner.runnercucumber" name="runScenario" time="0.326"/>
  <system-out/>
  <testcase classname="runner.runnercucumber" name="runScenario" time="0.128"/>
  <system-out/>
  <testcase classname="runner.runnercucumber" name="runScenario" time="0.530"/>
  <system-out/>
  <testcase classname="runner.runnercucumber" name="runScenario" time="0.346"/>
  <system-out/>
  <testcase classname="runner.runnercucumber" name="runScenario" time="2.675"/>
  <system-out/>
  <testcase classname="runner.runnercucumber" name="runScenario" time="0.157"/>
  <system-out/>
  <testcase classname="runner.runnercucumber" name="runScenario" time="0.359"/>
  <system-out/>
  <testcase classname="runner.runnercucumber" name="runScenario" time="0.953"/>
  <system-out/>
  <testcase classname="runner.runnercucumber" name="runScenario" time="0.220"/>
  <system-out/>
  <testcase classname="runner.runnercucumber" name="runScenario" time="0.413"/>
  <system-out/>
  <testcase classname="runner.runnercucumber" name="runScenario" time="0.378"/>
  <system-out/>
  <testcase classname="runner.runnercucumber" name="runScenario" time="0.328"/>
  <system-out/>
  <testcase classname="runner.runnercucumber" name="runScenario" time="0.412"/>
  <system-out/>
  <testcase classname="runner.runnercucumber" name="runScenario" time="0.338"/>
  <system-out/>
  <testcase classname="runner.runnercucumber" name="runScenario" time="0.204"/>
  <system-out/>
  <testcase classname="runner.runnercucumber" name="runScenario" time="0.458"/>
  <system-out/>
  <testcase classname="runner.runnercucumber" name="runScenario" time="2.437"/>
  <system-out/>
  <testcase classname="runner.runnercucumber" name="runScenario" time="0.274"/>
  <system-out/>
  <testcase classname="runner.runnercucumber" name="runScenario" time="0.450"/>
  <system-out/>
  <testcase classname="runner.runnercucumber" name="runScenario" time="0.227"/>
  <system-out/>
  <testcase classname="runner.runnercucumber" name="runScenario" time="0.716"/>
  <system-out/>
  <testcase classname="runner.runnercucumber" name="runScenario" time="0.189"/>
  <system-out/>
  <testcase classname="runner.runnercucumber" name="runScenario" time="0.265"/>
  <system-out/>
  <testcase classname="runner.runnercucumber" name="runScenario" time="0.410"/>
  <system-out/>
  <testcase classname="runner.runnercucumber" name="runScenario" time="0.231"/>
  <system-out/>
  <testcase classname="runner.runnercucumber" name="runScenario" time="0.883"/>
  <system-out/>
  <testcase classname="runner.runnercucumber" name="runScenario" time="0.211"/>
  <system-out/>
  <testcase classname="runner.runnercucumber" name="runScenario" time="0.150"/>
  <system-out/>
  <testcase classname="runner.runnercucumber" name="runScenario" time="0.400"/>
  <system-out/>
  <testcase classname="runner.runnercucumber" name="runScenario" time="0.433"/>
  <system-out/>
  <testcase classname="runner.runnercucumber" name="runScenario" time="0.353"/>
  <system-out/>
  <testcase classname="runner.runnercucumber" name="runScenario" time="0.368"/>
  <system-out/>
  <testcase classname="runner.runnercucumber" name="runScenario" time="0.429"/>
  <system-out/>
  <testcase classname="runner.runnercucumber" name="runScenario" time="0.361"/>
  <system-out/>
  <testcase classname="runner.runnercucumber" name="runScenario" time="0.330"/>
  <system-out/>
  <testcase classname="runner.runnercucumber" name="runScenario" time="0.390"/>
  <system-out/>
  <testcase classname="runner.runnercucumber" name="runScenario" time="0.370"/>
  <system-out/>
  <testcase classname="runner.runnercucumber" name="runScenario" time="0.311"/>
  <system-out/>
  <testcase classname="runner.runnercucumber" name="runScenario" time="0.528"/>
  <system-out/>
  <testcase classname="runner.runnercucumber" name="runScenario" time="0.296"/>
  <system-out/>
  <testcase classname="runner.runnercucumber" name="runScenario" time="1.100"/>
  <system-out/>
  <testcase classname="runner.runnercucumber" name="runScenario" time="0.396"/>
  <system-out/>
  <testcase classname="runner.runnercucumber" name="runScenario" time="0.340"/>
  <system-out/>
  <testcase classname="runner.runnercucumber" name="runScenario" time="0.252"/>
  <system-out/>
  <testcase classname="runner.runnercucumber" name="runScenario" time="0.836"/>
  <system-out/>
  <testcase classname="runner.runnercucumber" name="runScenario" time="0.262"/>
  <system-out/>
  <testcase classname="runner.runnercucumber" name="runScenario" time="0.391"/>
  <system-out/>
  <testcase classname="runner.runnercucumber" name="runScenario" time="0.423"/>
  <system-out/>
  <testcase classname="runner.runnercucumber" name="runScenario" time="0.352"/>
  <system-out/>
  <testcase classname="runner.runnercucumber" name="runScenario" time="3.116"/>
  <system-out/>
  <testcase classname="runner.runnercucumber" name="runScenario" time="0.197"/>
  <system-out/>
  <testcase classname="runner.runnercucumber" name="runScenario" time="0.705"/>
  <system-out/>
  <testcase classname="runner.runnercucumber" name="runScenario" time="0.167"/>
  <system-out/>
  <testcase classname="runner.runnercucumber" name="runScenario" time="0.146"/>
  <system-out/>
  <testcase classname="runner.runnercucumber" name="runScenario" time="0.404"/>
  <system-out/>
  <testcase classname="runner.runnercucumber" name="runScenario" time="0.230"/>
  <system-out/>
  <testcase classname="runner.runnercucumber" name="runScenario" time="0.238"/>
  <system-out/>
  <testcase classname="runner.runnercucumber" name="runScenario" time="0.149"/>
  <system-out/>
  <testcase classname="runner.runnercucumber" name="runScenario" time="0.249"/>
  <system-out/>
  <testcase classname="runner.runnercucumber" name="runScenario" time="0.283"/>
  <system-out/>
  <testcase classname="runner.runnercucumber" name="runScenario" time="1.199"/>
  <system-out/>
  <testcase classname="runner.runnercucumber" name="runScenario" time="0.231"/>
  <system-out/>
  <testcase classname="runner.runnercucumber" name="runScenario" time="0.502"/>
  <system-out/>
  <testcase classname="runner.runnercucumber" name="runScenario" time="0.155"/>
  <system-out/>
  <testcase classname="runner.runnercucumber" name="runScenario" time="0.869"/>
  <system-out/>
  <testcase classname="runner.runnercucumber" name="runScenario" time="0.360"/>
  <system-out/>
  <testcase classname="runner.runnercucumber" name="runScenario" time="0.404"/>
  <system-out/>
  <testcase classname="runner.runnercucumber" name="runScenario" time="0.485"/>
  <system-out/>
  <testcase classname="runner.runnercucumber" name="runScenario" time="0.145"/>
  <system-out/>
  <testcase classname="runner.runnercucumber" name="runScenario" time="0.278"/>
  <system-out/>
  <testcase classname="runner.runnercucumber" name="runScenario" time="0.564"/>
  <system-out/>
  <testcase classname="runner.runnercucumber" name="runScenario" time="0.302"/>
  <system-out/>
  <testcase classname="runner.runnercucumber" name="runScenario" time="0.818"/>
  <system-out/>
  <testcase classname="runner.runnercucumber" name="runScenario" time="1.271"/>
  <system-out/>
  <testcase classname="runner.runnercucumber" name="runScenario" time="0.349"/>
  <system-out/>
  <testcase classname="runner.runnercucumber" name="runScenario" time="0.395"/>
  <system-out/>
  <testcase classname="runner.runnercucumber" name="runScenario" time="0.164"/>
  <system-out/>
  <testcase classname="runner.runnercucumber" name="runScenario" time="0.210"/>
  <system-out/>
  <testcase classname="runner.runnercucumber" name="runScenario" time="0.216"/>
  <system-out/>
  <testcase classname="runner.runnercucumber" name="runScenario" time="0.433"/>
  <system-out/>
  <testcase classname="runner.runnercucumber" name="runScenario" time="0.697"/>
  <system-out/>
</testsuite> <!-- runner.runnercucumber -->
